start sort all block
blocks size: 16 read_block: 7
will read 3 times
heap size: 7
write sorted block to 40000
write sorted block to 40001
write sorted block to 40002
write sorted block to 40003
write sorted block to 40004
write sorted block to 40005
write sorted block to 40006
rewrite the block: 40000 to 10000
rewrite the block: 40001 to 10001
rewrite the block: 40002 to 10002
rewrite the block: 40003 to 10003
rewrite the block: 40004 to 10004
rewrite the block: 40005 to 10005
rewrite the block: 40006 to 10006
heap size: 7
write sorted block to 40000
write sorted block to 40001
write sorted block to 40002
write sorted block to 40003
write sorted block to 40004
write sorted block to 40005
write sorted block to 40006
rewrite the block: 40000 to 10007
rewrite the block: 40001 to 10008
rewrite the block: 40002 to 10009
rewrite the block: 40003 to 10010
rewrite the block: 40004 to 10011
rewrite the block: 40005 to 10012
rewrite the block: 40006 to 10013
heap size: 2
write sorted block to 40000
write sorted block to 40001
rewrite the block: 40000 to 10014
rewrite the block: 40001 to 10015
loop once
blocks size: 3 read_block: 3
will read 1 times
heap size: 3
write sorted block to 40000
write sorted block to 40001
write sorted block to 40002
write sorted block to 40003
write sorted block to 40004
write sorted block to 40005
write sorted block to 40006
write sorted block to 40007
write sorted block to 40008
write sorted block to 40009
write sorted block to 40010
write sorted block to 40011
write sorted block to 40012
write sorted block to 40013
write sorted block to 40014
write sorted block to 40015
rewrite the block: 40000 to 10000
rewrite the block: 40001 to 10001
rewrite the block: 40002 to 10002
rewrite the block: 40003 to 10003
rewrite the block: 40004 to 10004
rewrite the block: 40005 to 10005
rewrite the block: 40006 to 10006
rewrite the block: 40007 to 10007
rewrite the block: 40008 to 10008
rewrite the block: 40009 to 10009
rewrite the block: 40010 to 10010
rewrite the block: 40011 to 10011
rewrite the block: 40012 to 10012
rewrite the block: 40013 to 10013
rewrite the block: 40014 to 10014
rewrite the block: 40015 to 10015
loop once
start sort all block
blocks size: 32 read_block: 7
will read 5 times
heap size: 7
write sorted block to 40000
write sorted block to 40001
write sorted block to 40002
write sorted block to 40003
write sorted block to 40004
write sorted block to 40005
write sorted block to 40006
rewrite the block: 40000 to 20000
rewrite the block: 40001 to 20001
rewrite the block: 40002 to 20002
rewrite the block: 40003 to 20003
rewrite the block: 40004 to 20004
rewrite the block: 40005 to 20005
rewrite the block: 40006 to 20006
heap size: 7
write sorted block to 40000
write sorted block to 40001
write sorted block to 40002
write sorted block to 40003
write sorted block to 40004
write sorted block to 40005
write sorted block to 40006
rewrite the block: 40000 to 20007
rewrite the block: 40001 to 20008
rewrite the block: 40002 to 20009
rewrite the block: 40003 to 20010
rewrite the block: 40004 to 20011
rewrite the block: 40005 to 20012
rewrite the block: 40006 to 20013
heap size: 7
write sorted block to 40000
write sorted block to 40001
write sorted block to 40002
write sorted block to 40003
write sorted block to 40004
write sorted block to 40005
write sorted block to 40006
rewrite the block: 40000 to 20014
rewrite the block: 40001 to 20015
rewrite the block: 40002 to 20016
rewrite the block: 40003 to 20017
rewrite the block: 40004 to 20018
rewrite the block: 40005 to 20019
rewrite the block: 40006 to 20020
heap size: 7
write sorted block to 40000
write sorted block to 40001
write sorted block to 40002
write sorted block to 40003
write sorted block to 40004
write sorted block to 40005
write sorted block to 40006
rewrite the block: 40000 to 20021
rewrite the block: 40001 to 20022
rewrite the block: 40002 to 20023
rewrite the block: 40003 to 20024
rewrite the block: 40004 to 20025
rewrite the block: 40005 to 20026
rewrite the block: 40006 to 20027
heap size: 4
write sorted block to 40000
write sorted block to 40001
write sorted block to 40002
write sorted block to 40003
rewrite the block: 40000 to 20028
rewrite the block: 40001 to 20029
rewrite the block: 40002 to 20030
rewrite the block: 40003 to 20031
loop once
blocks size: 5 read_block: 5
will read 1 times
heap size: 5
write sorted block to 40000
write sorted block to 40001
write sorted block to 40002
write sorted block to 40003
write sorted block to 40004
write sorted block to 40005
write sorted block to 40006
write sorted block to 40007
write sorted block to 40008
write sorted block to 40009
write sorted block to 40010
write sorted block to 40011
write sorted block to 40012
write sorted block to 40013
write sorted block to 40014
write sorted block to 40015
write sorted block to 40016
write sorted block to 40017
write sorted block to 40018
write sorted block to 40019
write sorted block to 40020
write sorted block to 40021
write sorted block to 40022
write sorted block to 40023
write sorted block to 40024
write sorted block to 40025
write sorted block to 40026
write sorted block to 40027
write sorted block to 40028
write sorted block to 40029
write sorted block to 40030
write sorted block to 40031
rewrite the block: 40000 to 20000
rewrite the block: 40001 to 20001
rewrite the block: 40002 to 20002
rewrite the block: 40003 to 20003
rewrite the block: 40004 to 20004
rewrite the block: 40005 to 20005
rewrite the block: 40006 to 20006
rewrite the block: 40007 to 20007
rewrite the block: 40008 to 20008
rewrite the block: 40009 to 20009
rewrite the block: 40010 to 20010
rewrite the block: 40011 to 20011
rewrite the block: 40012 to 20012
rewrite the block: 40013 to 20013
rewrite the block: 40014 to 20014
rewrite the block: 40015 to 20015
rewrite the block: 40016 to 20016
rewrite the block: 40017 to 20017
rewrite the block: 40018 to 20018
rewrite the block: 40019 to 20019
rewrite the block: 40020 to 20020
rewrite the block: 40021 to 20021
rewrite the block: 40022 to 20022
rewrite the block: 40023 to 20023
rewrite the block: 40024 to 20024
rewrite the block: 40025 to 20025
rewrite the block: 40026 to 20026
rewrite the block: 40027 to 20027
rewrite the block: 40028 to 20028
rewrite the block: 40029 to 20029
rewrite the block: 40030 to 20030
rewrite the block: 40031 to 20031
loop once
20, 1	20, 2
20, 1	20, 2
20, 1	20, 7
20, 1	20, 7
20, 1	20, 8
20, 3	20, 2
20, 3	20, 2
20, 3	20, 7
20, 3	20, 7
20, 3	20, 8
20, 4	20, 2
20, 4	20, 2
20, 4	20, 7
20, 4	20, 7
20, 4	20, 8
20, 8	20, 2
20, 8	20, 2
20, 8	20, 7
20, 8	20, 7
20, 8	20, 8
20, 9	20, 2
20, 9	20, 2
20, 9	20, 7
20, 9	20, 7
20, 9	20, 8
21, 1	21, 2
21, 1	21, 4
21, 1	21, 5
21, 1	21, 8
21, 1	21, 8
21, 3	21, 2
21, 3	21, 4
21, 3	21, 2
21, 3	21, 4
21, 7	21, 2
21, 7	21, 4
21, 3	21, 5
21, 3	21, 8
21, 3	21, 8
21, 3	21, 5
21, 3	21, 8
21, 3	21, 8
21, 7	21, 5
21, 7	21, 8
21, 7	21, 8
22, 4	22, 2
22, 4	22, 4
22, 4	22, 5
22, 4	22, 5
22, 5	22, 2
22, 5	22, 4
22, 5	22, 5
22, 5	22, 5
22, 7	22, 2
22, 7	22, 4
22, 7	22, 5
22, 7	22, 5
22, 4	22, 8
22, 4	22, 8
22, 4	22, 9
22, 4	22, 9
22, 5	22, 8
22, 5	22, 8
22, 5	22, 9
22, 5	22, 9
22, 7	22, 8
22, 7	22, 8
22, 7	22, 9
22, 7	22, 9
23, 2	23, 4
23, 2	23, 4
23, 2	23, 5
23, 2	23, 6
23, 2	23, 6
23, 2	23, 9
23, 2	23, 9
23, 8	23, 4
23, 8	23, 4
23, 8	23, 5
23, 9	23, 4
23, 9	23, 4
23, 9	23, 5
23, 8	23, 6
23, 8	23, 6
23, 8	23, 9
23, 8	23, 9
23, 9	23, 6
23, 9	23, 6
23, 9	23, 9
23, 9	23, 9
24, 8	24, 3
24, 8	24, 4
24, 8	24, 4
24, 8	24, 5
24, 8	24, 6
24, 8	24, 6
24, 8	24, 8
25, 9	25, 4
25, 9	25, 6
25, 9	25, 6
25, 9	25, 8
25, 9	25, 8
26, 2	26, 3
26, 2	26, 3
26, 2	26, 6
26, 2	26, 7
26, 2	26, 8
26, 4	26, 3
26, 4	26, 3
26, 4	26, 6
26, 4	26, 7
26, 4	26, 8
26, 2	26, 9
26, 4	26, 9
27, 1	27, 1
27, 1	27, 8
27, 1	27, 9
27, 3	27, 1
27, 3	27, 8
27, 3	27, 9
27, 4	27, 1
27, 4	27, 8
27, 4	27, 9
27, 5	27, 1
27, 5	27, 8
27, 5	27, 9
27, 6	27, 1
27, 6	27, 8
27, 6	27, 9
28, 1	28, 1
28, 1	28, 2
28, 1	28, 2
29, 1	29, 3
29, 1	29, 9
29, 1	29, 9
29, 2	29, 3
29, 2	29, 9
29, 2	29, 9
29, 3	29, 3
29, 3	29, 9
29, 3	29, 9
29, 7	29, 3
29, 7	29, 9
29, 7	29, 9
30, 2	30, 3
30, 2	30, 3
30, 2	30, 4
30, 2	30, 6
30, 3	30, 3
30, 3	30, 3
30, 3	30, 4
30, 3	30, 6
30, 3	30, 3
30, 3	30, 3
30, 3	30, 4
30, 3	30, 6
30, 4	30, 3
30, 4	30, 3
30, 4	30, 4
30, 4	30, 6
30, 6	30, 3
30, 6	30, 3
30, 6	30, 4
30, 6	30, 6
30, 2	30, 7
30, 2	30, 8
30, 3	30, 7
30, 3	30, 8
30, 3	30, 7
30, 3	30, 8
30, 4	30, 7
30, 4	30, 8
30, 6	30, 7
30, 6	30, 8
31, 2	31, 1
31, 2	31, 2
31, 2	31, 4
31, 2	31, 5
31, 2	31, 7
31, 2	31, 1
31, 2	31, 2
31, 2	31, 4
31, 2	31, 5
31, 2	31, 7
31, 2	31, 1
31, 2	31, 2
31, 2	31, 4
31, 2	31, 5
31, 2	31, 7
31, 9	31, 1
31, 9	31, 2
31, 9	31, 4
31, 9	31, 5
31, 9	31, 7
32, 2	32, 3
32, 7	32, 3
32, 9	32, 3
33, 6	33, 7
33, 6	33, 7
36, 1	36, 1
36, 1	36, 2
36, 1	36, 3
36, 1	36, 5
36, 1	36, 5
36, 1	36, 8
36, 3	36, 1
36, 3	36, 2
36, 3	36, 3
36, 3	36, 5
36, 3	36, 5
36, 3	36, 8
36, 4	36, 1
36, 4	36, 2
36, 4	36, 3
36, 4	36, 5
36, 4	36, 5
36, 4	36, 8
36, 6	36, 1
36, 6	36, 2
36, 6	36, 3
36, 6	36, 5
36, 6	36, 5
36, 6	36, 8
36, 1	36, 9
36, 1	36, 9
36, 1	36, 9
36, 3	36, 9
36, 3	36, 9
36, 3	36, 9
36, 4	36, 9
36, 4	36, 9
36, 4	36, 9
36, 6	36, 9
36, 6	36, 9
36, 6	36, 9
37, 5	37, 2
37, 5	37, 3
37, 5	37, 7
37, 5	37, 8
37, 5	37, 9
37, 5	37, 9
37, 7	37, 2
37, 7	37, 3
37, 7	37, 7
37, 7	37, 8
37, 7	37, 2
37, 7	37, 3
37, 7	37, 7
37, 7	37, 8
37, 9	37, 2
37, 9	37, 3
37, 9	37, 7
37, 9	37, 8
37, 7	37, 9
37, 7	37, 9
37, 7	37, 9
37, 7	37, 9
37, 9	37, 9
37, 9	37, 9
38, 1	38, 1
38, 1	38, 1
38, 1	38, 3
38, 1	38, 4
38, 1	38, 4
38, 3	38, 1
38, 3	38, 1
38, 3	38, 3
38, 3	38, 4
38, 3	38, 4
38, 4	38, 1
38, 4	38, 1
38, 4	38, 3
38, 4	38, 4
38, 4	38, 4
38, 4	38, 1
38, 4	38, 1
38, 4	38, 3
38, 4	38, 4
38, 4	38, 4
38, 1	38, 5
38, 1	38, 9
38, 3	38, 5
38, 3	38, 9
38, 4	38, 5
38, 4	38, 9
38, 4	38, 5
38, 4	38, 9
38, 6	38, 1
38, 6	38, 1
38, 6	38, 3
38, 6	38, 4
38, 6	38, 4
38, 6	38, 5
38, 6	38, 9
39, 1	39, 1
39, 1	39, 2
39, 1	39, 3
39, 1	39, 3
39, 1	39, 8
39, 1	39, 1
39, 1	39, 2
39, 1	39, 3
39, 1	39, 3
39, 1	39, 8
39, 2	39, 1
39, 2	39, 2
39, 2	39, 3
39, 2	39, 3
39, 2	39, 8
39, 7	39, 1
39, 7	39, 2
39, 7	39, 3
39, 7	39, 3
39, 7	39, 8
39, 8	39, 1
39, 8	39, 2
39, 8	39, 3
39, 8	39, 3
39, 8	39, 8
39, 9	39, 1
39, 9	39, 2
39, 9	39, 3
39, 9	39, 3
39, 9	39, 8
20, 1	20, 2
20, 1	20, 2
20, 1	20, 7
20, 1	20, 7
20, 1	20, 8
start position: 110000 block 0 bytes
end position: 110001 block 32 bytes
cur write_blk point to 110001 addr 32 bytes
20, 3	20, 2
20, 3	20, 2
20, 3	20, 7
handle the duplicate data in write_blk
20, 3	20, 7
20, 3	20, 8
start position: 110001 block 32 bytes
end position: 110003 block 16 bytes
cur write_blk point to 110003 addr 16 bytes
20, 4	20, 2
20, 4	20, 2
20, 4	20, 7
20, 4	20, 7
handle the duplicate data in write_blk
20, 4	20, 8
start position: 110003 block 16 bytes
end position: 110005 block 0 bytes
cur write_blk point to 110005 addr 0 bytes
20, 8	20, 2
20, 8	20, 2
20, 8	20, 7
20, 8	20, 7
20, 8	20, 8
handle the duplicate data in write_blk
start position: 110005 block 0 bytes
end position: 110006 block 32 bytes
cur write_blk point to 110006 addr 32 bytes
20, 9	20, 2
20, 9	20, 2
20, 9	20, 7
handle the duplicate data in write_blk
20, 9	20, 7
20, 9	20, 8
21, 1	21, 2
21, 1	21, 4
21, 1	21, 5
21, 1	21, 8
21, 1	21, 8
start position: 110006 block 32 bytes
end position: 110010 block 0 bytes
cur write_blk point to 110010 addr 0 bytes
20, 3	20, 2
20, 3	20, 2
20, 3	20, 7
20, 3	20, 7
20, 3	20, 8
21, 3	21, 2
21, 3	21, 4
21, 3	21, 5
21, 3	21, 8
21, 3	21, 8
handle the duplicate data in write_blk
start position: 110010 block 0 bytes
end position: 110013 block 16 bytes
cur write_blk point to 110013 addr 16 bytes
20, 3	20, 2
20, 3	20, 2
20, 3	20, 7
20, 3	20, 7
20, 3	20, 8
21, 3	21, 2
21, 3	21, 4
21, 3	21, 5
21, 3	21, 8
handle the duplicate data in write_blk
21, 3	21, 8
start position: 110013 block 16 bytes
end position: 110016 block 32 bytes
cur write_blk point to 110016 addr 32 bytes
20, 7	20, 2
20, 7	20, 2
20, 7	20, 7
20, 7	20, 7
20, 7	20, 8
21, 7	21, 2
21, 7	21, 4
21, 7	21, 5
handle the duplicate data in write_blk
21, 7	21, 8
21, 7	21, 8
22, 4	22, 2
22, 4	22, 4
22, 4	22, 5
22, 4	22, 5
22, 4	22, 8
22, 4	22, 8
22, 4	22, 9
22, 4	22, 9
start position: 110016 block 32 bytes
end position: 110022 block 32 bytes
cur write_blk point to 110022 addr 32 bytes
20, 5	20, 2
20, 5	20, 2
20, 5	20, 7
20, 5	20, 7
20, 5	20, 8
21, 5	21, 2
21, 5	21, 4
21, 5	21, 5
21, 5	21, 8
21, 5	21, 8
22, 5	22, 2
22, 5	22, 4
22, 5	22, 5
22, 5	22, 5
22, 5	22, 8
22, 5	22, 8
handle the duplicate data in write_blk
22, 5	22, 9
22, 5	22, 9
start position: 110022 block 32 bytes
end position: 110028 block 32 bytes
cur write_blk point to 110028 addr 32 bytes
20, 7	20, 2
20, 7	20, 2
20, 7	20, 7
20, 7	20, 7
20, 7	20, 8
21, 7	21, 2
21, 7	21, 4
21, 7	21, 5
21, 7	21, 8
21, 7	21, 8
22, 7	22, 2
22, 7	22, 4
22, 7	22, 5
22, 7	22, 5
22, 7	22, 8
22, 7	22, 8
handle the duplicate data in write_blk
22, 7	22, 9
22, 7	22, 9
23, 2	23, 4
23, 2	23, 4
23, 2	23, 5
23, 2	23, 6
23, 2	23, 6
23, 2	23, 9
23, 2	23, 9
start position: 110028 block 32 bytes
end position: 110037 block 0 bytes
cur write_blk point to 110037 addr 0 bytes
20, 8	20, 2
20, 8	20, 2
20, 8	20, 7
20, 8	20, 7
20, 8	20, 8
21, 8	21, 2
21, 8	21, 4
21, 8	21, 5
21, 8	21, 8
21, 8	21, 8
22, 8	22, 2
22, 8	22, 4
22, 8	22, 5
22, 8	22, 5
22, 8	22, 8
22, 8	22, 8
22, 8	22, 9
22, 8	22, 9
23, 8	23, 4
23, 8	23, 4
23, 8	23, 5
23, 8	23, 6
23, 8	23, 6
23, 8	23, 9
23, 8	23, 9
handle the duplicate data in write_blk
start position: 110037 block 0 bytes
end position: 110045 block 16 bytes
cur write_blk point to 110045 addr 16 bytes
20, 9	20, 2
20, 9	20, 2
20, 9	20, 7
20, 9	20, 7
20, 9	20, 8
21, 9	21, 2
21, 9	21, 4
21, 9	21, 5
21, 9	21, 8
21, 9	21, 8
22, 9	22, 2
22, 9	22, 4
22, 9	22, 5
22, 9	22, 5
22, 9	22, 8
22, 9	22, 8
22, 9	22, 9
22, 9	22, 9
23, 9	23, 4
23, 9	23, 4
23, 9	23, 5
23, 9	23, 6
23, 9	23, 6
23, 9	23, 9
handle the duplicate data in write_blk
23, 9	23, 9
24, 8	24, 3
24, 8	24, 4
24, 8	24, 4
24, 8	24, 5
24, 8	24, 6
24, 8	24, 6
24, 8	24, 8
25, 9	25, 4
25, 9	25, 6
25, 9	25, 6
25, 9	25, 8
25, 9	25, 8
26, 2	26, 3
26, 2	26, 3
26, 2	26, 6
26, 2	26, 7
26, 2	26, 8
26, 2	26, 9
start position: 110045 block 16 bytes
end position: 110059 block 32 bytes
cur write_blk point to 110059 addr 32 bytes
20, 4	20, 2
20, 4	20, 2
20, 4	20, 7
20, 4	20, 7
20, 4	20, 8
21, 4	21, 2
21, 4	21, 4
21, 4	21, 5
21, 4	21, 8
21, 4	21, 8
22, 4	22, 2
22, 4	22, 4
22, 4	22, 5
22, 4	22, 5
22, 4	22, 8
22, 4	22, 8
22, 4	22, 9
22, 4	22, 9
23, 4	23, 4
23, 4	23, 4
23, 4	23, 5
23, 4	23, 6
23, 4	23, 6
23, 4	23, 9
23, 4	23, 9
24, 4	24, 3
24, 4	24, 4
24, 4	24, 4
24, 4	24, 5
24, 4	24, 6
24, 4	24, 6
24, 4	24, 8
25, 4	25, 4
25, 4	25, 6
25, 4	25, 6
25, 4	25, 8
25, 4	25, 8
26, 4	26, 3
26, 4	26, 3
26, 4	26, 6
26, 4	26, 7
handle the duplicate data in write_blk
26, 4	26, 8
26, 4	26, 9
27, 1	27, 1
27, 1	27, 8
27, 1	27, 9
start position: 110059 block 32 bytes
end position: 110075 block 0 bytes
cur write_blk point to 110075 addr 0 bytes
20, 3	20, 2
20, 3	20, 2
20, 3	20, 7
20, 3	20, 7
20, 3	20, 8
21, 3	21, 2
21, 3	21, 4
21, 3	21, 5
21, 3	21, 8
21, 3	21, 8
22, 3	22, 2
22, 3	22, 4
22, 3	22, 5
22, 3	22, 5
22, 3	22, 8
22, 3	22, 8
22, 3	22, 9
22, 3	22, 9
23, 3	23, 4
23, 3	23, 4
23, 3	23, 5
23, 3	23, 6
23, 3	23, 6
23, 3	23, 9
23, 3	23, 9
24, 3	24, 3
24, 3	24, 4
24, 3	24, 4
24, 3	24, 5
24, 3	24, 6
24, 3	24, 6
24, 3	24, 8
25, 3	25, 4
25, 3	25, 6
25, 3	25, 6
25, 3	25, 8
25, 3	25, 8
26, 3	26, 3
26, 3	26, 3
26, 3	26, 6
26, 3	26, 7
26, 3	26, 8
26, 3	26, 9
27, 3	27, 1
27, 3	27, 8
27, 3	27, 9
handle the duplicate data in write_blk
start position: 110075 block 0 bytes
end position: 110090 block 16 bytes
cur write_blk point to 110090 addr 16 bytes
20, 4	20, 2
20, 4	20, 2
20, 4	20, 7
20, 4	20, 7
20, 4	20, 8
21, 4	21, 2
21, 4	21, 4
21, 4	21, 5
21, 4	21, 8
21, 4	21, 8
22, 4	22, 2
22, 4	22, 4
22, 4	22, 5
22, 4	22, 5
22, 4	22, 8
22, 4	22, 8
22, 4	22, 9
22, 4	22, 9
23, 4	23, 4
23, 4	23, 4
23, 4	23, 5
23, 4	23, 6
23, 4	23, 6
23, 4	23, 9
23, 4	23, 9
24, 4	24, 3
24, 4	24, 4
24, 4	24, 4
24, 4	24, 5
24, 4	24, 6
24, 4	24, 6
24, 4	24, 8
25, 4	25, 4
25, 4	25, 6
25, 4	25, 6
25, 4	25, 8
25, 4	25, 8
26, 4	26, 3
26, 4	26, 3
26, 4	26, 6
26, 4	26, 7
26, 4	26, 8
26, 4	26, 9
27, 4	27, 1
27, 4	27, 8
handle the duplicate data in write_blk
27, 4	27, 9
start position: 110090 block 16 bytes
end position: 110105 block 32 bytes
cur write_blk point to 110105 addr 32 bytes
20, 5	20, 2
20, 5	20, 2
20, 5	20, 7
20, 5	20, 7
20, 5	20, 8
21, 5	21, 2
21, 5	21, 4
21, 5	21, 5
21, 5	21, 8
21, 5	21, 8
22, 5	22, 2
22, 5	22, 4
22, 5	22, 5
22, 5	22, 5
22, 5	22, 8
22, 5	22, 8
22, 5	22, 9
22, 5	22, 9
23, 5	23, 4
23, 5	23, 4
23, 5	23, 5
23, 5	23, 6
23, 5	23, 6
23, 5	23, 9
23, 5	23, 9
24, 5	24, 3
24, 5	24, 4
24, 5	24, 4
24, 5	24, 5
24, 5	24, 6
24, 5	24, 6
24, 5	24, 8
25, 5	25, 4
25, 5	25, 6
25, 5	25, 6
25, 5	25, 8
25, 5	25, 8
26, 5	26, 3
26, 5	26, 3
26, 5	26, 6
26, 5	26, 7
26, 5	26, 8
26, 5	26, 9
27, 5	27, 1
handle the duplicate data in write_blk
27, 5	27, 8
27, 5	27, 9
start position: 110105 block 32 bytes
end position: 110121 block 0 bytes
cur write_blk point to 110121 addr 0 bytes
20, 6	20, 2
20, 6	20, 2
20, 6	20, 7
20, 6	20, 7
20, 6	20, 8
21, 6	21, 2
21, 6	21, 4
21, 6	21, 5
21, 6	21, 8
21, 6	21, 8
22, 6	22, 2
22, 6	22, 4
22, 6	22, 5
22, 6	22, 5
22, 6	22, 8
22, 6	22, 8
22, 6	22, 9
22, 6	22, 9
23, 6	23, 4
23, 6	23, 4
23, 6	23, 5
23, 6	23, 6
23, 6	23, 6
23, 6	23, 9
23, 6	23, 9
24, 6	24, 3
24, 6	24, 4
24, 6	24, 4
24, 6	24, 5
24, 6	24, 6
24, 6	24, 6
24, 6	24, 8
25, 6	25, 4
25, 6	25, 6
25, 6	25, 6
25, 6	25, 8
25, 6	25, 8
26, 6	26, 3
26, 6	26, 3
26, 6	26, 6
26, 6	26, 7
26, 6	26, 8
26, 6	26, 9
27, 6	27, 1
27, 6	27, 8
27, 6	27, 9
handle the duplicate data in write_blk
28, 1	28, 1
28, 1	28, 2
28, 1	28, 2
29, 1	29, 3
29, 1	29, 9
29, 1	29, 9
start position: 110121 block 0 bytes
end position: 110138 block 16 bytes
cur write_blk point to 110138 addr 16 bytes
20, 2	20, 2
20, 2	20, 2
20, 2	20, 7
20, 2	20, 7
20, 2	20, 8
21, 2	21, 2
21, 2	21, 4
21, 2	21, 5
21, 2	21, 8
21, 2	21, 8
22, 2	22, 2
22, 2	22, 4
22, 2	22, 5
22, 2	22, 5
22, 2	22, 8
22, 2	22, 8
22, 2	22, 9
22, 2	22, 9
23, 2	23, 4
23, 2	23, 4
23, 2	23, 5
23, 2	23, 6
23, 2	23, 6
23, 2	23, 9
23, 2	23, 9
24, 2	24, 3
24, 2	24, 4
24, 2	24, 4
24, 2	24, 5
24, 2	24, 6
24, 2	24, 6
24, 2	24, 8
25, 2	25, 4
25, 2	25, 6
25, 2	25, 6
25, 2	25, 8
25, 2	25, 8
26, 2	26, 3
26, 2	26, 3
26, 2	26, 6
26, 2	26, 7
26, 2	26, 8
26, 2	26, 9
27, 2	27, 1
27, 2	27, 8
27, 2	27, 9
28, 2	28, 1
28, 2	28, 2
28, 2	28, 2
29, 2	29, 3
29, 2	29, 9
handle the duplicate data in write_blk
29, 2	29, 9
start position: 110138 block 16 bytes
end position: 110155 block 32 bytes
cur write_blk point to 110155 addr 32 bytes
20, 3	20, 2
20, 3	20, 2
20, 3	20, 7
20, 3	20, 7
20, 3	20, 8
21, 3	21, 2
21, 3	21, 4
21, 3	21, 5
21, 3	21, 8
21, 3	21, 8
22, 3	22, 2
22, 3	22, 4
22, 3	22, 5
22, 3	22, 5
22, 3	22, 8
22, 3	22, 8
22, 3	22, 9
22, 3	22, 9
23, 3	23, 4
23, 3	23, 4
23, 3	23, 5
23, 3	23, 6
23, 3	23, 6
23, 3	23, 9
23, 3	23, 9
24, 3	24, 3
24, 3	24, 4
24, 3	24, 4
24, 3	24, 5
24, 3	24, 6
24, 3	24, 6
24, 3	24, 8
25, 3	25, 4
25, 3	25, 6
25, 3	25, 6
25, 3	25, 8
25, 3	25, 8
26, 3	26, 3
26, 3	26, 3
26, 3	26, 6
26, 3	26, 7
26, 3	26, 8
26, 3	26, 9
27, 3	27, 1
27, 3	27, 8
27, 3	27, 9
28, 3	28, 1
28, 3	28, 2
28, 3	28, 2
29, 3	29, 3
handle the duplicate data in write_blk
29, 3	29, 9
29, 3	29, 9
start position: 110155 block 32 bytes
end position: 110173 block 0 bytes
cur write_blk point to 110173 addr 0 bytes
20, 7	20, 2
20, 7	20, 2
20, 7	20, 7
20, 7	20, 7
20, 7	20, 8
21, 7	21, 2
21, 7	21, 4
21, 7	21, 5
21, 7	21, 8
21, 7	21, 8
22, 7	22, 2
22, 7	22, 4
22, 7	22, 5
22, 7	22, 5
22, 7	22, 8
22, 7	22, 8
22, 7	22, 9
22, 7	22, 9
23, 7	23, 4
23, 7	23, 4
23, 7	23, 5
23, 7	23, 6
23, 7	23, 6
23, 7	23, 9
23, 7	23, 9
24, 7	24, 3
24, 7	24, 4
24, 7	24, 4
24, 7	24, 5
24, 7	24, 6
24, 7	24, 6
24, 7	24, 8
25, 7	25, 4
25, 7	25, 6
25, 7	25, 6
25, 7	25, 8
25, 7	25, 8
26, 7	26, 3
26, 7	26, 3
26, 7	26, 6
26, 7	26, 7
26, 7	26, 8
26, 7	26, 9
27, 7	27, 1
27, 7	27, 8
27, 7	27, 9
28, 7	28, 1
28, 7	28, 2
28, 7	28, 2
29, 7	29, 3
29, 7	29, 9
29, 7	29, 9
handle the duplicate data in write_blk
30, 2	30, 3
30, 2	30, 3
30, 2	30, 4
30, 2	30, 6
30, 2	30, 7
30, 2	30, 8
start position: 110173 block 0 bytes
end position: 110192 block 16 bytes
cur write_blk point to 110192 addr 16 bytes
20, 3	20, 2
20, 3	20, 2
20, 3	20, 7
20, 3	20, 7
20, 3	20, 8
21, 3	21, 2
21, 3	21, 4
21, 3	21, 5
21, 3	21, 8
21, 3	21, 8
22, 3	22, 2
22, 3	22, 4
22, 3	22, 5
22, 3	22, 5
22, 3	22, 8
22, 3	22, 8
22, 3	22, 9
22, 3	22, 9
23, 3	23, 4
23, 3	23, 4
23, 3	23, 5
23, 3	23, 6
23, 3	23, 6
23, 3	23, 9
23, 3	23, 9
24, 3	24, 3
24, 3	24, 4
24, 3	24, 4
24, 3	24, 5
24, 3	24, 6
24, 3	24, 6
24, 3	24, 8
25, 3	25, 4
25, 3	25, 6
25, 3	25, 6
25, 3	25, 8
25, 3	25, 8
26, 3	26, 3
26, 3	26, 3
26, 3	26, 6
26, 3	26, 7
26, 3	26, 8
26, 3	26, 9
27, 3	27, 1
27, 3	27, 8
27, 3	27, 9
28, 3	28, 1
28, 3	28, 2
28, 3	28, 2
29, 3	29, 3
29, 3	29, 9
29, 3	29, 9
30, 3	30, 3
30, 3	30, 3
30, 3	30, 4
30, 3	30, 6
30, 3	30, 7
handle the duplicate data in write_blk
30, 3	30, 8
start position: 110192 block 16 bytes
end position: 110211 block 32 bytes
cur write_blk point to 110211 addr 32 bytes
20, 3	20, 2
20, 3	20, 2
20, 3	20, 7
20, 3	20, 7
20, 3	20, 8
21, 3	21, 2
21, 3	21, 4
21, 3	21, 5
21, 3	21, 8
21, 3	21, 8
22, 3	22, 2
22, 3	22, 4
22, 3	22, 5
22, 3	22, 5
22, 3	22, 8
22, 3	22, 8
22, 3	22, 9
22, 3	22, 9
23, 3	23, 4
23, 3	23, 4
23, 3	23, 5
23, 3	23, 6
23, 3	23, 6
23, 3	23, 9
23, 3	23, 9
24, 3	24, 3
24, 3	24, 4
24, 3	24, 4
24, 3	24, 5
24, 3	24, 6
24, 3	24, 6
24, 3	24, 8
25, 3	25, 4
25, 3	25, 6
25, 3	25, 6
25, 3	25, 8
25, 3	25, 8
26, 3	26, 3
26, 3	26, 3
26, 3	26, 6
26, 3	26, 7
26, 3	26, 8
26, 3	26, 9
27, 3	27, 1
27, 3	27, 8
27, 3	27, 9
28, 3	28, 1
28, 3	28, 2
28, 3	28, 2
29, 3	29, 3
29, 3	29, 9
29, 3	29, 9
30, 3	30, 3
30, 3	30, 3
30, 3	30, 4
30, 3	30, 6
handle the duplicate data in write_blk
30, 3	30, 7
30, 3	30, 8
start position: 110211 block 32 bytes
end position: 110231 block 0 bytes
cur write_blk point to 110231 addr 0 bytes
20, 4	20, 2
20, 4	20, 2
20, 4	20, 7
20, 4	20, 7
20, 4	20, 8
21, 4	21, 2
21, 4	21, 4
21, 4	21, 5
21, 4	21, 8
21, 4	21, 8
22, 4	22, 2
22, 4	22, 4
22, 4	22, 5
22, 4	22, 5
22, 4	22, 8
22, 4	22, 8
22, 4	22, 9
22, 4	22, 9
23, 4	23, 4
23, 4	23, 4
23, 4	23, 5
23, 4	23, 6
23, 4	23, 6
23, 4	23, 9
23, 4	23, 9
24, 4	24, 3
24, 4	24, 4
24, 4	24, 4
24, 4	24, 5
24, 4	24, 6
24, 4	24, 6
24, 4	24, 8
25, 4	25, 4
25, 4	25, 6
25, 4	25, 6
25, 4	25, 8
25, 4	25, 8
26, 4	26, 3
26, 4	26, 3
26, 4	26, 6
26, 4	26, 7
26, 4	26, 8
26, 4	26, 9
27, 4	27, 1
27, 4	27, 8
27, 4	27, 9
28, 4	28, 1
28, 4	28, 2
28, 4	28, 2
29, 4	29, 3
29, 4	29, 9
29, 4	29, 9
30, 4	30, 3
30, 4	30, 3
30, 4	30, 4
30, 4	30, 6
30, 4	30, 7
30, 4	30, 8
handle the duplicate data in write_blk
start position: 110231 block 0 bytes
end position: 110250 block 16 bytes
cur write_blk point to 110250 addr 16 bytes
20, 6	20, 2
20, 6	20, 2
20, 6	20, 7
20, 6	20, 7
20, 6	20, 8
21, 6	21, 2
21, 6	21, 4
21, 6	21, 5
21, 6	21, 8
21, 6	21, 8
22, 6	22, 2
22, 6	22, 4
22, 6	22, 5
22, 6	22, 5
22, 6	22, 8
22, 6	22, 8
22, 6	22, 9
22, 6	22, 9
23, 6	23, 4
23, 6	23, 4
23, 6	23, 5
23, 6	23, 6
23, 6	23, 6
23, 6	23, 9
23, 6	23, 9
24, 6	24, 3
24, 6	24, 4
24, 6	24, 4
24, 6	24, 5
24, 6	24, 6
24, 6	24, 6
24, 6	24, 8
25, 6	25, 4
25, 6	25, 6
25, 6	25, 6
25, 6	25, 8
25, 6	25, 8
26, 6	26, 3
26, 6	26, 3
26, 6	26, 6
26, 6	26, 7
26, 6	26, 8
26, 6	26, 9
27, 6	27, 1
27, 6	27, 8
27, 6	27, 9
28, 6	28, 1
28, 6	28, 2
28, 6	28, 2
29, 6	29, 3
29, 6	29, 9
29, 6	29, 9
30, 6	30, 3
30, 6	30, 3
30, 6	30, 4
30, 6	30, 6
30, 6	30, 7
handle the duplicate data in write_blk
30, 6	30, 8
31, 2	31, 1
31, 2	31, 2
31, 2	31, 4
31, 2	31, 5
31, 2	31, 7
start position: 110250 block 16 bytes
end position: 110271 block 16 bytes
cur write_blk point to 110271 addr 16 bytes
20, 2	20, 2
20, 2	20, 2
20, 2	20, 7
20, 2	20, 7
20, 2	20, 8
21, 2	21, 2
21, 2	21, 4
21, 2	21, 5
21, 2	21, 8
21, 2	21, 8
22, 2	22, 2
22, 2	22, 4
22, 2	22, 5
22, 2	22, 5
22, 2	22, 8
22, 2	22, 8
22, 2	22, 9
22, 2	22, 9
23, 2	23, 4
23, 2	23, 4
23, 2	23, 5
23, 2	23, 6
23, 2	23, 6
23, 2	23, 9
23, 2	23, 9
24, 2	24, 3
24, 2	24, 4
24, 2	24, 4
24, 2	24, 5
24, 2	24, 6
24, 2	24, 6
24, 2	24, 8
25, 2	25, 4
25, 2	25, 6
25, 2	25, 6
25, 2	25, 8
25, 2	25, 8
26, 2	26, 3
26, 2	26, 3
26, 2	26, 6
26, 2	26, 7
26, 2	26, 8
26, 2	26, 9
27, 2	27, 1
27, 2	27, 8
27, 2	27, 9
28, 2	28, 1
28, 2	28, 2
28, 2	28, 2
29, 2	29, 3
29, 2	29, 9
29, 2	29, 9
30, 2	30, 3
30, 2	30, 3
30, 2	30, 4
30, 2	30, 6
30, 2	30, 7
30, 2	30, 8
31, 2	31, 1
31, 2	31, 2
31, 2	31, 4
31, 2	31, 5
handle the duplicate data in write_blk
31, 2	31, 7
start position: 110271 block 16 bytes
end position: 110292 block 16 bytes
cur write_blk point to 110292 addr 16 bytes
20, 2	20, 2
20, 2	20, 2
20, 2	20, 7
20, 2	20, 7
20, 2	20, 8
21, 2	21, 2
21, 2	21, 4
21, 2	21, 5
21, 2	21, 8
21, 2	21, 8
22, 2	22, 2
22, 2	22, 4
22, 2	22, 5
22, 2	22, 5
22, 2	22, 8
22, 2	22, 8
22, 2	22, 9
22, 2	22, 9
23, 2	23, 4
23, 2	23, 4
23, 2	23, 5
23, 2	23, 6
23, 2	23, 6
23, 2	23, 9
23, 2	23, 9
24, 2	24, 3
24, 2	24, 4
24, 2	24, 4
24, 2	24, 5
24, 2	24, 6
24, 2	24, 6
24, 2	24, 8
25, 2	25, 4
25, 2	25, 6
25, 2	25, 6
25, 2	25, 8
25, 2	25, 8
26, 2	26, 3
26, 2	26, 3
26, 2	26, 6
26, 2	26, 7
26, 2	26, 8
26, 2	26, 9
27, 2	27, 1
27, 2	27, 8
27, 2	27, 9
28, 2	28, 1
28, 2	28, 2
28, 2	28, 2
29, 2	29, 3
29, 2	29, 9
29, 2	29, 9
30, 2	30, 3
30, 2	30, 3
30, 2	30, 4
30, 2	30, 6
30, 2	30, 7
30, 2	30, 8
31, 2	31, 1
31, 2	31, 2
31, 2	31, 4
31, 2	31, 5
handle the duplicate data in write_blk
31, 2	31, 7
start position: 110292 block 16 bytes
end position: 110313 block 16 bytes
cur write_blk point to 110313 addr 16 bytes
20, 9	20, 2
20, 9	20, 2
20, 9	20, 7
20, 9	20, 7
20, 9	20, 8
21, 9	21, 2
21, 9	21, 4
21, 9	21, 5
21, 9	21, 8
21, 9	21, 8
22, 9	22, 2
22, 9	22, 4
22, 9	22, 5
22, 9	22, 5
22, 9	22, 8
22, 9	22, 8
22, 9	22, 9
22, 9	22, 9
23, 9	23, 4
23, 9	23, 4
23, 9	23, 5
23, 9	23, 6
23, 9	23, 6
23, 9	23, 9
23, 9	23, 9
24, 9	24, 3
24, 9	24, 4
24, 9	24, 4
24, 9	24, 5
24, 9	24, 6
24, 9	24, 6
24, 9	24, 8
25, 9	25, 4
25, 9	25, 6
25, 9	25, 6
25, 9	25, 8
25, 9	25, 8
26, 9	26, 3
26, 9	26, 3
26, 9	26, 6
26, 9	26, 7
26, 9	26, 8
26, 9	26, 9
27, 9	27, 1
27, 9	27, 8
27, 9	27, 9
28, 9	28, 1
28, 9	28, 2
28, 9	28, 2
29, 9	29, 3
29, 9	29, 9
29, 9	29, 9
30, 9	30, 3
30, 9	30, 3
30, 9	30, 4
30, 9	30, 6
30, 9	30, 7
30, 9	30, 8
31, 9	31, 1
31, 9	31, 2
31, 9	31, 4
31, 9	31, 5
handle the duplicate data in write_blk
31, 9	31, 7
32, 2	32, 3
start position: 110313 block 16 bytes
end position: 110334 block 32 bytes
cur write_blk point to 110334 addr 32 bytes
20, 7	20, 2
20, 7	20, 2
20, 7	20, 7
20, 7	20, 7
20, 7	20, 8
21, 7	21, 2
21, 7	21, 4
21, 7	21, 5
21, 7	21, 8
21, 7	21, 8
22, 7	22, 2
22, 7	22, 4
22, 7	22, 5
22, 7	22, 5
22, 7	22, 8
22, 7	22, 8
22, 7	22, 9
22, 7	22, 9
23, 7	23, 4
23, 7	23, 4
23, 7	23, 5
23, 7	23, 6
23, 7	23, 6
23, 7	23, 9
23, 7	23, 9
24, 7	24, 3
24, 7	24, 4
24, 7	24, 4
24, 7	24, 5
24, 7	24, 6
24, 7	24, 6
24, 7	24, 8
25, 7	25, 4
25, 7	25, 6
25, 7	25, 6
25, 7	25, 8
25, 7	25, 8
26, 7	26, 3
26, 7	26, 3
26, 7	26, 6
26, 7	26, 7
26, 7	26, 8
26, 7	26, 9
27, 7	27, 1
27, 7	27, 8
27, 7	27, 9
28, 7	28, 1
28, 7	28, 2
28, 7	28, 2
29, 7	29, 3
29, 7	29, 9
29, 7	29, 9
30, 7	30, 3
30, 7	30, 3
30, 7	30, 4
30, 7	30, 6
30, 7	30, 7
30, 7	30, 8
31, 7	31, 1
31, 7	31, 2
31, 7	31, 4
31, 7	31, 5
handle the duplicate data in write_blk
31, 7	31, 7
32, 7	32, 3
start position: 110334 block 32 bytes
end position: 110356 block 0 bytes
cur write_blk point to 110356 addr 0 bytes
20, 9	20, 2
20, 9	20, 2
20, 9	20, 7
20, 9	20, 7
20, 9	20, 8
21, 9	21, 2
21, 9	21, 4
21, 9	21, 5
21, 9	21, 8
21, 9	21, 8
22, 9	22, 2
22, 9	22, 4
22, 9	22, 5
22, 9	22, 5
22, 9	22, 8
22, 9	22, 8
22, 9	22, 9
22, 9	22, 9
23, 9	23, 4
23, 9	23, 4
23, 9	23, 5
23, 9	23, 6
23, 9	23, 6
23, 9	23, 9
23, 9	23, 9
24, 9	24, 3
24, 9	24, 4
24, 9	24, 4
24, 9	24, 5
24, 9	24, 6
24, 9	24, 6
24, 9	24, 8
25, 9	25, 4
25, 9	25, 6
25, 9	25, 6
25, 9	25, 8
25, 9	25, 8
26, 9	26, 3
26, 9	26, 3
26, 9	26, 6
26, 9	26, 7
26, 9	26, 8
26, 9	26, 9
27, 9	27, 1
27, 9	27, 8
27, 9	27, 9
28, 9	28, 1
28, 9	28, 2
28, 9	28, 2
29, 9	29, 3
29, 9	29, 9
29, 9	29, 9
30, 9	30, 3
30, 9	30, 3
30, 9	30, 4
30, 9	30, 6
30, 9	30, 7
30, 9	30, 8
31, 9	31, 1
31, 9	31, 2
31, 9	31, 4
31, 9	31, 5
31, 9	31, 7
32, 9	32, 3
handle the duplicate data in write_blk
33, 6	33, 7
start position: 110356 block 0 bytes
end position: 110377 block 32 bytes
cur write_blk point to 110377 addr 32 bytes
20, 6	20, 2
20, 6	20, 2
20, 6	20, 7
20, 6	20, 7
20, 6	20, 8
21, 6	21, 2
21, 6	21, 4
21, 6	21, 5
21, 6	21, 8
21, 6	21, 8
22, 6	22, 2
22, 6	22, 4
22, 6	22, 5
22, 6	22, 5
22, 6	22, 8
22, 6	22, 8
22, 6	22, 9
22, 6	22, 9
23, 6	23, 4
23, 6	23, 4
23, 6	23, 5
23, 6	23, 6
23, 6	23, 6
23, 6	23, 9
23, 6	23, 9
24, 6	24, 3
24, 6	24, 4
24, 6	24, 4
24, 6	24, 5
24, 6	24, 6
24, 6	24, 6
24, 6	24, 8
25, 6	25, 4
25, 6	25, 6
25, 6	25, 6
25, 6	25, 8
25, 6	25, 8
26, 6	26, 3
26, 6	26, 3
26, 6	26, 6
26, 6	26, 7
26, 6	26, 8
26, 6	26, 9
27, 6	27, 1
27, 6	27, 8
27, 6	27, 9
28, 6	28, 1
28, 6	28, 2
28, 6	28, 2
29, 6	29, 3
29, 6	29, 9
29, 6	29, 9
30, 6	30, 3
30, 6	30, 3
30, 6	30, 4
30, 6	30, 6
30, 6	30, 7
30, 6	30, 8
31, 6	31, 1
31, 6	31, 2
31, 6	31, 4
31, 6	31, 5
31, 6	31, 7
handle the duplicate data in write_blk
32, 6	32, 3
33, 6	33, 7
36, 1	36, 1
36, 1	36, 2
36, 1	36, 3
36, 1	36, 5
36, 1	36, 5
36, 1	36, 8
36, 1	36, 9
36, 1	36, 9
36, 1	36, 9
start position: 110399 block 16 bytes
end position: 110402 block 16 bytes
cur write_blk point to 110402 addr 16 bytes
36, 3	36, 1
36, 3	36, 2
36, 3	36, 3
36, 3	36, 5
36, 3	36, 5
36, 3	36, 8
36, 3	36, 9
36, 3	36, 9
handle the duplicate data in write_blk
36, 3	36, 9
start position: 110402 block 16 bytes
end position: 110405 block 16 bytes
cur write_blk point to 110405 addr 16 bytes
36, 4	36, 1
36, 4	36, 2
36, 4	36, 3
36, 4	36, 5
36, 4	36, 5
36, 4	36, 8
36, 4	36, 9
36, 4	36, 9
handle the duplicate data in write_blk
36, 4	36, 9
start position: 110405 block 16 bytes
end position: 110408 block 16 bytes
cur write_blk point to 110408 addr 16 bytes
36, 6	36, 1
36, 6	36, 2
36, 6	36, 3
36, 6	36, 5
36, 6	36, 5
36, 6	36, 8
36, 6	36, 9
36, 6	36, 9
handle the duplicate data in write_blk
36, 6	36, 9
37, 5	37, 2
37, 5	37, 3
37, 5	37, 7
37, 5	37, 8
37, 5	37, 9
37, 5	37, 9
start position: 110408 block 16 bytes
end position: 110413 block 16 bytes
cur write_blk point to 110413 addr 16 bytes
36, 7	36, 1
36, 7	36, 2
36, 7	36, 3
36, 7	36, 5
36, 7	36, 5
36, 7	36, 8
36, 7	36, 9
36, 7	36, 9
36, 7	36, 9
37, 7	37, 2
37, 7	37, 3
37, 7	37, 7
37, 7	37, 8
37, 7	37, 9
handle the duplicate data in write_blk
37, 7	37, 9
start position: 110413 block 16 bytes
end position: 110418 block 16 bytes
cur write_blk point to 110418 addr 16 bytes
36, 7	36, 1
36, 7	36, 2
36, 7	36, 3
36, 7	36, 5
36, 7	36, 5
36, 7	36, 8
36, 7	36, 9
36, 7	36, 9
36, 7	36, 9
37, 7	37, 2
37, 7	37, 3
37, 7	37, 7
37, 7	37, 8
37, 7	37, 9
handle the duplicate data in write_blk
37, 7	37, 9
start position: 110418 block 16 bytes
end position: 110423 block 16 bytes
cur write_blk point to 110423 addr 16 bytes
36, 9	36, 1
36, 9	36, 2
36, 9	36, 3
36, 9	36, 5
36, 9	36, 5
36, 9	36, 8
36, 9	36, 9
36, 9	36, 9
36, 9	36, 9
37, 9	37, 2
37, 9	37, 3
37, 9	37, 7
37, 9	37, 8
37, 9	37, 9
handle the duplicate data in write_blk
37, 9	37, 9
38, 1	38, 1
38, 1	38, 1
38, 1	38, 3
38, 1	38, 4
38, 1	38, 4
38, 1	38, 5
38, 1	38, 9
start position: 110423 block 16 bytes
end position: 110430 block 32 bytes
cur write_blk point to 110430 addr 32 bytes
36, 3	36, 1
36, 3	36, 2
36, 3	36, 3
36, 3	36, 5
36, 3	36, 5
36, 3	36, 8
36, 3	36, 9
36, 3	36, 9
36, 3	36, 9
37, 3	37, 2
37, 3	37, 3
37, 3	37, 7
37, 3	37, 8
37, 3	37, 9
37, 3	37, 9
38, 3	38, 1
38, 3	38, 1
38, 3	38, 3
38, 3	38, 4
38, 3	38, 4
handle the duplicate data in write_blk
38, 3	38, 5
38, 3	38, 9
start position: 110430 block 32 bytes
end position: 110438 block 0 bytes
cur write_blk point to 110438 addr 0 bytes
36, 4	36, 1
36, 4	36, 2
36, 4	36, 3
36, 4	36, 5
36, 4	36, 5
36, 4	36, 8
36, 4	36, 9
36, 4	36, 9
36, 4	36, 9
37, 4	37, 2
37, 4	37, 3
37, 4	37, 7
37, 4	37, 8
37, 4	37, 9
37, 4	37, 9
38, 4	38, 1
38, 4	38, 1
38, 4	38, 3
38, 4	38, 4
38, 4	38, 4
38, 4	38, 5
38, 4	38, 9
handle the duplicate data in write_blk
start position: 110438 block 0 bytes
end position: 110445 block 16 bytes
cur write_blk point to 110445 addr 16 bytes
36, 4	36, 1
36, 4	36, 2
36, 4	36, 3
36, 4	36, 5
36, 4	36, 5
36, 4	36, 8
36, 4	36, 9
36, 4	36, 9
36, 4	36, 9
37, 4	37, 2
37, 4	37, 3
37, 4	37, 7
37, 4	37, 8
37, 4	37, 9
37, 4	37, 9
38, 4	38, 1
38, 4	38, 1
38, 4	38, 3
38, 4	38, 4
38, 4	38, 4
38, 4	38, 5
handle the duplicate data in write_blk
38, 4	38, 9
start position: 110445 block 16 bytes
end position: 110452 block 32 bytes
cur write_blk point to 110452 addr 32 bytes
36, 6	36, 1
36, 6	36, 2
36, 6	36, 3
36, 6	36, 5
36, 6	36, 5
36, 6	36, 8
36, 6	36, 9
36, 6	36, 9
36, 6	36, 9
37, 6	37, 2
37, 6	37, 3
37, 6	37, 7
37, 6	37, 8
37, 6	37, 9
37, 6	37, 9
38, 6	38, 1
38, 6	38, 1
38, 6	38, 3
38, 6	38, 4
38, 6	38, 4
handle the duplicate data in write_blk
38, 6	38, 5
38, 6	38, 9
39, 1	39, 1
39, 1	39, 2
39, 1	39, 3
39, 1	39, 3
39, 1	39, 8
start position: 110452 block 32 bytes
end position: 110461 block 32 bytes
cur write_blk point to 110461 addr 32 bytes
36, 1	36, 1
36, 1	36, 2
36, 1	36, 3
36, 1	36, 5
36, 1	36, 5
36, 1	36, 8
36, 1	36, 9
36, 1	36, 9
36, 1	36, 9
37, 1	37, 2
37, 1	37, 3
37, 1	37, 7
37, 1	37, 8
37, 1	37, 9
37, 1	37, 9
38, 1	38, 1
38, 1	38, 1
38, 1	38, 3
38, 1	38, 4
38, 1	38, 4
38, 1	38, 5
38, 1	38, 9
39, 1	39, 1
39, 1	39, 2
39, 1	39, 3
handle the duplicate data in write_blk
39, 1	39, 3
39, 1	39, 8
start position: 110461 block 32 bytes
end position: 110470 block 32 bytes
cur write_blk point to 110470 addr 32 bytes
36, 2	36, 1
36, 2	36, 2
36, 2	36, 3
36, 2	36, 5
36, 2	36, 5
36, 2	36, 8
36, 2	36, 9
36, 2	36, 9
36, 2	36, 9
37, 2	37, 2
37, 2	37, 3
37, 2	37, 7
37, 2	37, 8
37, 2	37, 9
37, 2	37, 9
38, 2	38, 1
38, 2	38, 1
38, 2	38, 3
38, 2	38, 4
38, 2	38, 4
38, 2	38, 5
38, 2	38, 9
39, 2	39, 1
39, 2	39, 2
39, 2	39, 3
handle the duplicate data in write_blk
39, 2	39, 3
39, 2	39, 8
start position: 110470 block 32 bytes
end position: 110479 block 32 bytes
cur write_blk point to 110479 addr 32 bytes
36, 7	36, 1
36, 7	36, 2
36, 7	36, 3
36, 7	36, 5
36, 7	36, 5
36, 7	36, 8
36, 7	36, 9
36, 7	36, 9
36, 7	36, 9
37, 7	37, 2
37, 7	37, 3
37, 7	37, 7
37, 7	37, 8
37, 7	37, 9
37, 7	37, 9
38, 7	38, 1
38, 7	38, 1
38, 7	38, 3
38, 7	38, 4
38, 7	38, 4
38, 7	38, 5
38, 7	38, 9
39, 7	39, 1
39, 7	39, 2
39, 7	39, 3
handle the duplicate data in write_blk
39, 7	39, 3
39, 7	39, 8
start position: 110479 block 32 bytes
end position: 110488 block 32 bytes
cur write_blk point to 110488 addr 32 bytes
36, 8	36, 1
36, 8	36, 2
36, 8	36, 3
36, 8	36, 5
36, 8	36, 5
36, 8	36, 8
36, 8	36, 9
36, 8	36, 9
36, 8	36, 9
37, 8	37, 2
37, 8	37, 3
37, 8	37, 7
37, 8	37, 8
37, 8	37, 9
37, 8	37, 9
38, 8	38, 1
38, 8	38, 1
38, 8	38, 3
38, 8	38, 4
38, 8	38, 4
38, 8	38, 5
38, 8	38, 9
39, 8	39, 1
39, 8	39, 2
39, 8	39, 3
handle the duplicate data in write_blk
39, 8	39, 3
39, 8	39, 8
start position: 110488 block 32 bytes
end position: 110497 block 32 bytes
cur write_blk point to 110497 addr 32 bytes
36, 9	36, 1
36, 9	36, 2
36, 9	36, 3
36, 9	36, 5
36, 9	36, 5
36, 9	36, 8
36, 9	36, 9
36, 9	36, 9
36, 9	36, 9
37, 9	37, 2
37, 9	37, 3
37, 9	37, 7
37, 9	37, 8
37, 9	37, 9
37, 9	37, 9
38, 9	38, 1
38, 9	38, 1
38, 9	38, 3
38, 9	38, 4
38, 9	38, 4
38, 9	38, 5
38, 9	38, 9
39, 9	39, 1
39, 9	39, 2
39, 9	39, 3
handle the duplicate data in write_blk
39, 9	39, 3
39, 9	39, 8
